Tue Sep 13 09:19:22 AM EDT 2022
Tue Sep 13 09:21:30 AM EDT 2022
Tue Sep 13 09:28:08 AM EDT 2022
Tue Sep 13 09:29:08 AM EDT 2022
Tue Sep 13 10:46:02 AM EDT 2022
Tue Sep 13 10:46:59 AM EDT 2022
Tue Sep 13 10:50:44 AM EDT 2022
Tue Sep 13 10:53:58 AM EDT 2022
Tue Sep 13 10:55:12 AM EDT 2022
Tue Sep 13 11:39:45 AM EDT 2022
Tue Sep 13 11:43:16 AM EDT 2022
Tue Sep 13 11:53:49 AM EDT 2022
Added Dan's Commit
Tue Sep 13 12:08:29 PM EDT 2022
Tue Sep 13 12:21:23 PM EDT 2022
Tue Sep 13 12:33:10 PM EDT 2022
Tue Sep 13 01:10:46 PM EDT 2022
Tue Sep 13 01:12:59 PM EDT 2022
Tue Sep 13 01:15:40 PM EDT 2022
Tue Sep 13 01:16:09 PM EDT 2022
Tue Sep 13 01:18:50 PM EDT 2022
Tue Sep 13 01:20:26 PM EDT 2022
Add new comment
Tue Sep 13 02:29:04 PM EDT 2022
Tue Sep 13 02:29:54 PM EDT 2022
Inline comment 2
Tue Sep 20 12:40:25 PM EDT 2022
Tue Sep 20 12:42:24 PM EDT 2022
Tue Sep 20 12:44:11 PM EDT 2022
Tue Sep 20 12:44:59 PM EDT 2022
Tue Sep 20 12:47:39 PM EDT 2022
Tue Sep 20 12:48:10 PM EDT 2022
Fri Sep 23 11:29:49 AM EDT 2022
Tue Oct 25 10:31:24 AM EDT 2022
Tue Oct 25 10:32:40 AM EDT 2022
Tue Oct 25 10:33:08 AM EDT 2022
Tue Oct 25 10:34:23 AM EDT 2022
Tue Oct 25 10:34:38 AM EDT 2022
Thu Oct 27 09:29:25 AM EDT 2022
Mon Oct 31 10:37:47 AM EDT 2022
Mon Oct 31 10:43:43 AM EDT 2022
Mon Oct 31 10:44:57 AM EDT 2022
Mon Oct 31 11:13:34 AM EDT 2022
Tue Nov  1 11:28:14 AM EDT 2022
Tue Nov  1 12:09:36 PM EDT 2022
Tue Nov  1 12:12:24 PM EDT 2022
Tue Nov  1 12:13:29 PM EDT 2022
Tue Nov  1 12:13:54 PM EDT 2022
Tue Nov  1 12:14:24 PM EDT 2022
Tue Nov 15 02:33:50 PM EST 2022
